{"level":"info","message":"Test Case Started : Verify Created Channel,Request,Workflow and Collection Settings Using Customer Support and Standalone helpdesk"}
{"level":"info","message":"Executing Step : Navigate to existing Slack workspace"}
{"level":"info","message":"Executing Step : Navigate to ClearFeed application Using Magic link"}
{"level":"info","message":"Test Case Completed : Verify Created Channel,Request,Workflow and Collection Settings Using Customer Support and Standalone helpdesk Status : passed"}
{"level":"info","message":"Test Case Started : Verify Created Channel,Workflow and Collection Settings Using Employee Support and Standalone helpdesk"}
{"level":"info","message":"Executing Step : Navigate to existing Slack workspace"}
{"level":"info","message":"Executing Step : Navigate to ClearFeed application Using Magic link"}
{"level":"info","message":"Test Case Completed : Verify Created Channel,Workflow and Collection Settings Using Employee Support and Standalone helpdesk Status : passed"}
{"level":"info","message":"Test Case Started : Verify Created Channel,Request,Workflow and Collection Settings Using Customer Support and Standalone helpdesk"}
{"level":"info","message":"Executing Step : Navigate to existing Slack workspace"}
{"level":"info","message":"Executing Step : Navigate to ClearFeed application Using Magic link"}
{"level":"info","message":"Test Case Completed : Verify Created Channel,Request,Workflow and Collection Settings Using Customer Support and Standalone helpdesk Status : passed"}
{"level":"info","message":"Test Case Started : Verify Created Channel,Workflow and Collection Settings Using Employee Support and Standalone helpdesk"}
{"level":"info","message":"Executing Step : Navigate to existing Slack workspace"}
{"level":"info","message":"Executing Step : Navigate to ClearFeed application Using Magic link"}
{"level":"info","message":"Test Case Completed : Verify Created Channel,Workflow and Collection Settings Using Employee Support and Standalone helpdesk Status : failed"}
{"level":"info","message":"Test Case Started : Verify Login Page"}
{"level":"info","message":"Test Case Completed : Verify Login Page Status : skipped"}
{"level":"info","message":"Test Case Started : Verify Onboarding Page with Magic Link  Using Customer Support and Standalone helpdesk"}
{"level":"info","message":"Executing Step : Navigate to existing Slack workspace"}
{"level":"info","message":"Test Case Started : Verify Created Channel,Request,Workflow and Collection Settings Using Customer Support and Standalone helpdesk"}
{"level":"info","message":"Executing Step : Navigate to existing Slack workspace"}
{"level":"info","message":"Executing Step : Navigate to ClearFeed application Using Magic link"}
{"level":"info","message":"Test Case Completed : Verify Created Channel,Request,Workflow and Collection Settings Using Customer Support and Standalone helpdesk Status : passed"}
{"level":"info","message":"Test Case Started : Verify Created Channel,Workflow and Collection Settings Using Employee Support and Standalone helpdesk"}
{"level":"info","message":"Executing Step : Navigate to existing Slack workspace"}
{"level":"info","message":"Executing Step : Navigate to ClearFeed application Using Magic link"}
{"level":"info","message":"Test Case Completed : Verify Created Channel,Workflow and Collection Settings Using Employee Support and Standalone helpdesk Status : passed"}
{"level":"info","message":"Test Case Started : Verify Login Page"}
{"level":"info","message":"Test Case Completed : Verify Login Page Status : skipped"}
{"level":"info","message":"Test Case Started : Verify Onboarding Page with Magic Link  Using Customer Support and Standalone helpdesk"}
{"level":"info","message":"Executing Step : Navigate to existing Slack workspace"}
{"level":"info","message":"Executing Step : Navigate to ClearFeed application Using Magic link"}
{"level":"info","message":"Test Case Completed : Verify Onboarding Page with Magic Link  Using Customer Support and Standalone helpdesk Status : passed"}
{"level":"info","message":"Test Case Started : Verify Onboarding Page with Magic Link Using Employee Support and Standalone helpdesk"}
{"level":"info","message":"Executing Step : Navigate to existing Slack workspace"}
{"level":"info","message":"Test Case Started : Verify Created Channel,Request,Workflow and Collection Settings Using Customer Support and Standalone helpdesk"}
{"level":"info","message":"Executing Step : Navigate to existing Slack workspace"}
{"level":"info","message":"Executing Step : Navigate to ClearFeed application Using Magic link"}
{"level":"info","message":"Test Case Completed : Verify Created Channel,Request,Workflow and Collection Settings Using Customer Support and Standalone helpdesk Status : passed"}
{"level":"info","message":"Test Case Started : Verify Created Channel,Workflow and Collection Settings Using Employee Support and Standalone helpdesk"}
{"level":"info","message":"Executing Step : Navigate to existing Slack workspace"}
{"level":"info","message":"Executing Step : Navigate to ClearFeed application Using Magic link"}
{"level":"info","message":"Test Case Completed : Verify Created Channel,Workflow and Collection Settings Using Employee Support and Standalone helpdesk Status : passed"}
{"level":"info","message":"Test Case Started : Verify Created Channel,Request,Workflow and Collection Settings Using Customer Support and Standalone helpdesk"}
{"level":"info","message":"Executing Step : Navigate to existing Slack workspace"}
{"level":"info","message":"Test Case Started : Verify Created Channel,Request,Workflow and Collection Settings Using Customer Support and Standalone helpdesk"}
{"level":"info","message":"Executing Step : Navigate to existing Slack workspace"}
{"level":"info","message":"Executing Step : Navigate to ClearFeed application Using Magic link"}
{"level":"info","message":"Test Case Completed : Verify Created Channel,Request,Workflow and Collection Settings Using Customer Support and Standalone helpdesk Status : passed"}
{"level":"info","message":"Test Case Started : Verify Created Channel,Workflow and Collection Settings Using Employee Support and Standalone helpdesk"}
{"level":"info","message":"Executing Step : Navigate to existing Slack workspace"}
{"level":"info","message":"Executing Step : Navigate to ClearFeed application Using Magic link"}
{"level":"info","message":"Test Case Started : Verify Created Channel,Request,Workflow and Collection Settings Using Customer Support and Standalone helpdesk"}
{"level":"info","message":"Executing Step : Navigate to existing Slack workspace"}
{"level":"info","message":"Executing Step : Navigate to ClearFeed application Using Magic link"}
{"level":"info","message":"Test Case Completed : Verify Created Channel,Request,Workflow and Collection Settings Using Customer Support and Standalone helpdesk Status : interrupted"}
{"level":"info","message":"Test Case Started : Verify Created Channel,Request,Workflow and Collection Settings Using Customer Support and Standalone helpdesk"}
{"level":"info","message":"Executing Step : Navigate to existing Slack workspace"}
{"level":"info","message":"Executing Step : Navigate to ClearFeed application Using Magic link"}
{"level":"info","message":"Test Case Completed : Verify Created Channel,Request,Workflow and Collection Settings Using Customer Support and Standalone helpdesk Status : failed"}
{"level":"info","message":"Test Case Started : Verify Created Channel,Request,Workflow and Collection Settings Using Customer Support and Standalone helpdesk"}
{"level":"info","message":"Executing Step : Navigate to existing Slack workspace"}
{"level":"info","message":"Executing Step : Navigate to ClearFeed application Using Magic link"}
{"level":"info","message":"Test Case Completed : Verify Created Channel,Request,Workflow and Collection Settings Using Customer Support and Standalone helpdesk Status : failed"}
{"level":"info","message":"Test Case Started : Verify Created Channel,Request,Workflow and Collection Settings Using Customer Support and Standalone helpdesk"}
{"level":"info","message":"Executing Step : Navigate to existing Slack workspace"}
{"level":"info","message":"Executing Step : Navigate to ClearFeed application Using Magic link"}
{"level":"info","message":"Test Case Completed : Verify Created Channel,Request,Workflow and Collection Settings Using Customer Support and Standalone helpdesk Status : failed"}
{"level":"info","message":"Test Case Started : Verify Created Channel,Request,Workflow and Collection Settings Using Customer Support and Standalone helpdesk"}
{"level":"info","message":"Executing Step : Navigate to existing Slack workspace"}
{"level":"info","message":"Test Case Completed : Verify Created Channel,Request,Workflow and Collection Settings Using Customer Support and Standalone helpdesk Status : interrupted"}
{"level":"info","message":"Test Case Started : Verify Created Channel,Request,Workflow and Collection Settings Using Customer Support and Standalone helpdesk"}
{"level":"info","message":"Executing Step : Navigate to existing Slack workspace"}
{"level":"info","message":"Test Case Completed : Verify Created Channel,Request,Workflow and Collection Settings Using Customer Support and Standalone helpdesk Status : failed"}
{"level":"info","message":"Test Case Started : Verify Created Channel,Request,Workflow and Collection Settings Using Customer Support and Standalone helpdesk"}
{"level":"info","message":"Executing Step : Navigate to existing Slack workspace"}
{"level":"info","message":"Test Case Completed : Verify Created Channel,Request,Workflow and Collection Settings Using Customer Support and Standalone helpdesk Status : failed"}
{"level":"info","message":"Test Case Started : Verify Created Channel,Request,Workflow and Collection Settings Using Customer Support and Standalone helpdesk"}
{"level":"info","message":"Executing Step : Navigate to existing Slack workspace"}
{"level":"info","message":"Test Case Completed : Verify Created Channel,Request,Workflow and Collection Settings Using Customer Support and Standalone helpdesk Status : failed"}
{"level":"info","message":"Test Case Started : Verify Created Channel,Request,Workflow and Collection Settings Using Customer Support and Standalone helpdesk"}
{"level":"info","message":"Executing Step : Navigate to existing Slack workspace"}
{"level":"info","message":"Executing Step : Navigate to ClearFeed application Using Magic link"}
{"level":"info","message":"Test Case Completed : Verify Created Channel,Request,Workflow and Collection Settings Using Customer Support and Standalone helpdesk Status : failed"}
{"level":"info","message":"Test Case Started : Verify Created Channel,Request,Workflow and Collection Settings Using Customer Support and Standalone helpdesk"}
{"level":"info","message":"Executing Step : Navigate to existing Slack workspace"}
{"level":"info","message":"Test Case Completed : Verify Created Channel,Request,Workflow and Collection Settings Using Customer Support and Standalone helpdesk Status : passed"}
{"level":"info","message":"Test Case Started : Verify Created Channel,Request,Workflow and Collection Settings Using Customer Support and Standalone helpdesk"}
{"level":"info","message":"Executing Step : Navigate to existing Slack workspace"}
{"level":"info","message":"Executing Step : Navigate to ClearFeed application Using Magic link"}
{"level":"info","message":"Test Case Completed : Verify Created Channel,Request,Workflow and Collection Settings Using Customer Support and Standalone helpdesk Status : failed"}
{"level":"info","message":"Test Case Started : Verify Created Channel,Request,Workflow and Collection Settings Using Customer Support and Standalone helpdesk"}
{"level":"info","message":"Executing Step : Navigate to existing Slack workspace"}
{"level":"info","message":"Executing Step : Navigate to ClearFeed application Using Magic link"}
{"level":"info","message":"Test Case Completed : Verify Created Channel,Request,Workflow and Collection Settings Using Customer Support and Standalone helpdesk Status : failed"}
{"level":"info","message":"Test Case Started : Verify Created Channel,Request,Workflow and Collection Settings Using Customer Support and Standalone helpdesk"}
{"level":"info","message":"Executing Step : Navigate to existing Slack workspace"}
{"level":"info","message":"Test Case Completed : Verify Created Channel,Request,Workflow and Collection Settings Using Customer Support and Standalone helpdesk Status : failed"}
{"level":"info","message":"Test Case Started : Verify Created Channel,Request,Workflow and Collection Settings Using Customer Support and Standalone helpdesk"}
{"level":"info","message":"Executing Step : Navigate to existing Slack workspace"}
{"level":"info","message":"Test Case Started : Verify Created Channel,Request,Workflow and Collection Settings Using Customer Support and Standalone helpdesk"}
{"level":"info","message":"Executing Step : Navigate to existing Slack workspace"}
{"level":"info","message":"Test Case Started : Verify Created Channel,Request,Workflow and Collection Settings Using Customer Support and Standalone helpdesk"}
{"level":"info","message":"Executing Step : Navigate to existing Slack workspace"}
{"level":"info","message":"Test Case Completed : Verify Created Channel,Request,Workflow and Collection Settings Using Customer Support and Standalone helpdesk Status : interrupted"}
{"level":"error","message":"Error: No tests found.\nMake sure that arguments are regular expressions matching test files.\nYou may need to escape symbols like \"$\" or \"*\" and quote the arguments."}
{"level":"error","message":"Error: No tests found.\nMake sure that arguments are regular expressions matching test files.\nYou may need to escape symbols like \"$\" or \"*\" and quote the arguments."}
{"level":"error","message":"Error: No tests found"}
{"level":"error","message":"Error: No tests found.\nMake sure that arguments are regular expressions matching test files.\nYou may need to escape symbols like \"$\" or \"*\" and quote the arguments."}
{"level":"error","message":"Error: No tests found.\nMake sure that arguments are regular expressions matching test files.\nYou may need to escape symbols like \"$\" or \"*\" and quote the arguments."}
{"level":"info","message":"Test Case Started : @test12 Verify Created Channel,Workflow and Collection Settings Using Employee Support and Standalone helpdesk"}
{"level":"info","message":"Executing Step : Navigate to existing Slack workspace"}
{"level":"info","message":"Test Case Completed : @test12 Verify Created Channel,Workflow and Collection Settings Using Employee Support and Standalone helpdesk Status : interrupted"}
{"level":"info","message":"Test Case Started : Verify Created Channel,Request,Workflow and Collection Settings Using Customer Support and Standalone helpdesk"}
{"level":"info","message":"Executing Step : Navigate to existing Slack workspace"}
{"level":"info","message":"Test Case Completed : Verify Created Channel,Request,Workflow and Collection Settings Using Customer Support and Standalone helpdesk Status : failed"}
{"level":"info","message":"Test Case Started : Verify Created Channel,Request,Workflow and Collection Settings Using Customer Support and Standalone helpdesk"}
{"level":"info","message":"Executing Step : Navigate to existing Slack workspace"}
{"level":"info","message":"Executing Step : Navigate to ClearFeed application Using Magic link"}
{"level":"info","message":"Test Case Completed : Verify Created Channel,Request,Workflow and Collection Settings Using Customer Support and Standalone helpdesk Status : failed"}
{"level":"info","message":"Test Case Started : Verify Created Channel,Request,Workflow and Collection Settings Using Customer Support and Standalone helpdesk"}
{"level":"info","message":"Executing Step : Navigate to existing Slack workspace"}
{"level":"info","message":"Executing Step : Navigate to ClearFeed application Using Magic link"}
{"level":"info","message":"Test Case Completed : Verify Created Channel,Request,Workflow and Collection Settings Using Customer Support and Standalone helpdesk Status : failed"}
{"level":"info","message":"Test Case Started : Verify Created Channel,Request,Workflow and Collection Settings Using Customer Support and Standalone helpdesk"}
{"level":"info","message":"Executing Step : Navigate to existing Slack workspace"}
{"level":"info","message":"Executing Step : Navigate to ClearFeed application Using Magic link"}
{"level":"info","message":"Test Case Completed : Verify Created Channel,Request,Workflow and Collection Settings Using Customer Support and Standalone helpdesk Status : failed"}
{"level":"info","message":"Test Case Started : Verify Created Channel,Request,Workflow and Collection Settings Using Customer Support and Standalone helpdesk"}
{"level":"info","message":"Executing Step : Navigate to existing Slack workspace"}
{"level":"info","message":"Executing Step : Navigate to ClearFeed application Using Magic link"}
{"level":"info","message":"Test Case Completed : Verify Created Channel,Request,Workflow and Collection Settings Using Customer Support and Standalone helpdesk Status : failed"}
{"level":"info","message":"Test Case Started : Verify Created Channel,Request,Workflow and Collection Settings Using Customer Support and Standalone helpdesk"}
{"level":"info","message":"Executing Step : Navigate to existing Slack workspace"}
{"level":"info","message":"Executing Step : Navigate to ClearFeed application Using Magic link"}
{"level":"info","message":"Test Case Completed : Verify Created Channel,Request,Workflow and Collection Settings Using Customer Support and Standalone helpdesk Status : failed"}
{"level":"info","message":"Test Case Started : Verify Created Channel,Request,Workflow and Collection Settings Using Customer Support and Standalone helpdesk"}
{"level":"info","message":"Executing Step : Navigate to existing Slack workspace"}
{"level":"info","message":"Test Case Started : Verify Created Channel,Request,Workflow and Collection Settings Using Customer Support and Standalone helpdesk"}
{"level":"info","message":"Executing Step : Navigate to existing Slack workspace"}
{"level":"info","message":"Executing Step : Navigate to ClearFeed application Using Magic link"}
{"level":"info","message":"Test Case Completed : Verify Created Channel,Request,Workflow and Collection Settings Using Customer Support and Standalone helpdesk Status : failed"}
{"level":"info","message":"Test Case Started : Verify Created Channel,Request,Workflow and Collection Settings Using Customer Support and Standalone helpdesk"}
{"level":"info","message":"Executing Step : Navigate to existing Slack workspace"}
{"level":"info","message":"Executing Step : Navigate to ClearFeed application Using Magic link"}
{"level":"info","message":"Test Case Completed : Verify Created Channel,Request,Workflow and Collection Settings Using Customer Support and Standalone helpdesk Status : failed"}
{"level":"info","message":"Test Case Started : Verify Onboarding Page with Magic Link  Using Customer Support and Standalone helpdesk"}
{"level":"info","message":"Executing Step : Navigate to existing Slack workspace"}
{"level":"info","message":"Test Case Completed : Verify Onboarding Page with Magic Link  Using Customer Support and Standalone helpdesk Status : failed"}
{"level":"info","message":"Test Case Started : Verify Onboarding Page with Magic Link  Using Customer Support and Standalone helpdesk"}
{"level":"info","message":"Executing Step : Navigate to existing Slack workspace"}
{"level":"info","message":"Test Case Completed : Verify Onboarding Page with Magic Link  Using Customer Support and Standalone helpdesk Status : passed"}
{"level":"info","message":"Test Case Started : Verify Onboarding Page with Magic Link  Using Customer Support and Standalone helpdesk"}
{"level":"info","message":"Executing Step : Navigate to existing Slack workspace"}
{"level":"info","message":"Test Case Completed : Verify Onboarding Page with Magic Link  Using Customer Support and Standalone helpdesk Status : passed"}
{"level":"info","message":"Test Case Started : Verify Onboarding Page with Magic Link  Using Customer Support and Standalone helpdesk"}
{"level":"info","message":"Executing Step : Navigate to existing Slack workspace"}
{"level":"info","message":"Test Case Completed : Verify Onboarding Page with Magic Link  Using Customer Support and Standalone helpdesk Status : failed"}
{"level":"info","message":"Test Case Started : Verify Onboarding Page with Magic Link  Using Customer Support and Standalone helpdesk"}
{"level":"info","message":"Executing Step : Navigate to existing Slack workspace"}
{"level":"info","message":"Test Case Completed : Verify Onboarding Page with Magic Link  Using Customer Support and Standalone helpdesk Status : failed"}
{"level":"info","message":"Test Case Started : Verify Onboarding Page with Magic Link  Using Customer Support and Standalone helpdesk"}
{"level":"info","message":"Executing Step : Navigate to existing Slack workspace"}
{"level":"info","message":"Test Case Completed : Verify Onboarding Page with Magic Link  Using Customer Support and Standalone helpdesk Status : failed"}
{"level":"info","message":"Test Case Started : Verify Onboarding Page with Magic Link  Using Customer Support and Standalone helpdesk"}
{"level":"info","message":"Executing Step : Navigate to existing Slack workspace"}
{"level":"info","message":"Test Case Completed : Verify Onboarding Page with Magic Link  Using Customer Support and Standalone helpdesk Status : failed"}
{"level":"info","message":"Test Case Started : Verify Onboarding Page with Magic Link  Using Customer Support and Standalone helpdesk"}
{"level":"info","message":"Executing Step : Navigate to existing Slack workspace"}
{"level":"info","message":"Test Case Completed : Verify Onboarding Page with Magic Link  Using Customer Support and Standalone helpdesk Status : failed"}
{"level":"info","message":"Test Case Started : Verify Onboarding Page with Magic Link  Using Customer Support and Standalone helpdesk"}
{"level":"info","message":"Executing Step : Navigate to existing Slack workspace"}
{"level":"info","message":"Test Case Completed : Verify Onboarding Page with Magic Link  Using Customer Support and Standalone helpdesk Status : failed"}
{"level":"info","message":"Test Case Started : Verify Onboarding Page with Magic Link  Using Customer Support and Standalone helpdesk"}
{"level":"info","message":"Executing Step : Navigate to existing Slack workspace"}
{"level":"info","message":"Test Case Completed : Verify Onboarding Page with Magic Link  Using Customer Support and Standalone helpdesk Status : failed"}
{"level":"info","message":"Test Case Started : Verify Onboarding Page with Magic Link  Using Customer Support and Standalone helpdesk"}
{"level":"info","message":"Executing Step : Navigate to existing Slack workspace"}
{"level":"info","message":"Test Case Completed : Verify Onboarding Page with Magic Link  Using Customer Support and Standalone helpdesk Status : failed"}
{"level":"info","message":"Test Case Started : Verify Onboarding Page with Magic Link  Using Customer Support and Standalone helpdesk"}
{"level":"info","message":"Executing Step : Navigate to existing Slack workspace"}
{"level":"info","message":"Test Case Completed : Verify Onboarding Page with Magic Link  Using Customer Support and Standalone helpdesk Status : passed"}
{"level":"info","message":"Test Case Started : Verify Onboarding Page with Magic Link  Using Customer Support and Standalone helpdesk"}
{"level":"info","message":"Executing Step : Navigate to existing Slack workspace"}
{"level":"info","message":"Test Case Completed : Verify Onboarding Page with Magic Link  Using Customer Support and Standalone helpdesk Status : failed"}
{"level":"info","message":"Test Case Started : Verify Onboarding Page with Magic Link  Using Customer Support and Standalone helpdesk"}
{"level":"info","message":"Executing Step : Navigate to existing Slack workspace"}
{"level":"info","message":"Test Case Completed : Verify Onboarding Page with Magic Link  Using Customer Support and Standalone helpdesk Status : passed"}
{"level":"info","message":"Test Case Started : Verify Onboarding Page with Magic Link  Using Customer Support and Standalone helpdesk"}
{"level":"info","message":"Executing Step : Navigate to existing Slack workspace"}
{"level":"info","message":"Test Case Completed : Verify Onboarding Page with Magic Link  Using Customer Support and Standalone helpdesk Status : passed"}
{"level":"info","message":"Test Case Started : Verify Onboarding Page with Magic Link  Using Customer Support and Standalone helpdesk"}
{"level":"info","message":"Executing Step : Navigate to existing Slack workspace"}
{"level":"info","message":"Test Case Completed : Verify Onboarding Page with Magic Link  Using Customer Support and Standalone helpdesk Status : interrupted"}
{"level":"info","message":"Test Case Started : Verify Onboarding Page with Magic Link  Using Customer Support and Standalone helpdesk"}
{"level":"info","message":"Executing Step : Navigate to existing Slack workspace"}
{"level":"info","message":"Test Case Completed : Verify Onboarding Page with Magic Link  Using Customer Support and Standalone helpdesk Status : passed"}
{"level":"info","message":"Test Case Started : Verify Onboarding Page with Magic Link  Using Customer Support and Standalone helpdesk"}
{"level":"info","message":"Executing Step : Navigate to existing Slack workspace"}
{"level":"info","message":"Test Case Completed : Verify Onboarding Page with Magic Link  Using Customer Support and Standalone helpdesk Status : passed"}
{"level":"info","message":"Test Case Started : Verify Created Channel,Request,Workflow and Collection Settings Using Customer Support and Standalone helpdesk"}
{"level":"info","message":"Executing Step : Navigate to existing Slack workspace"}
{"level":"info","message":"Test Case Completed : Verify Created Channel,Request,Workflow and Collection Settings Using Customer Support and Standalone helpdesk Status : failed"}
{"level":"info","message":"Test Case Started : Verify Created Channel,Workflow and Collection Settings Using Employee Support and Standalone helpdesk"}
{"level":"info","message":"Executing Step : Navigate to existing Slack workspace"}
{"level":"info","message":"Test Case Started : Verify Created Channel,Request,Workflow and Collection Settings Using Customer Support and Standalone helpdesk"}
{"level":"info","message":"Executing Step : Navigate to existing Slack workspace"}
{"level":"info","message":"Executing Step : Navigate to ClearFeed application Using Magic link"}
{"level":"info","message":"Test Case Completed : Verify Created Channel,Request,Workflow and Collection Settings Using Customer Support and Standalone helpdesk Status : failed"}
{"level":"info","message":"Test Case Started : Verify Created Channel,Request,Workflow and Collection Settings Using Customer Support and Standalone helpdesk"}
{"level":"info","message":"Executing Step : Navigate to existing Slack workspace"}
{"level":"info","message":"Executing Step : Navigate to ClearFeed application Using Magic link"}
{"level":"info","message":"Test Case Completed : Verify Created Channel,Request,Workflow and Collection Settings Using Customer Support and Standalone helpdesk Status : failed"}
{"level":"info","message":"Test Case Started : Verify Created Channel,Request,Workflow and Collection Settings Using Customer Support and Standalone helpdesk"}
{"level":"info","message":"Executing Step : Navigate to existing Slack workspace"}
{"level":"info","message":"Executing Step : Navigate to ClearFeed application Using Magic link"}
{"level":"info","message":"Test Case Completed : Verify Created Channel,Request,Workflow and Collection Settings Using Customer Support and Standalone helpdesk Status : failed"}
{"level":"info","message":"Test Case Started : Verify Created Channel,Workflow and Collection Settings Using Employee Support and Standalone helpdesk"}
{"level":"info","message":"Executing Step : Navigate to existing Slack workspace"}
{"level":"info","message":"Executing Step : Navigate to ClearFeed application Using Magic link"}
{"level":"info","message":"Test Case Completed : Verify Created Channel,Workflow and Collection Settings Using Employee Support and Standalone helpdesk Status : failed"}
{"level":"info","message":"Test Case Started : Verify Created Channel,Request,Workflow and Collection Settings Using Customer Support and Standalone helpdesk"}
{"level":"info","message":"Executing Step : Navigate to existing Slack workspace"}
{"level":"info","message":"Executing Step : Navigate to ClearFeed application Using Magic link"}
{"level":"info","message":"Test Case Completed : Verify Created Channel,Request,Workflow and Collection Settings Using Customer Support and Standalone helpdesk Status : failed"}
{"level":"info","message":"Test Case Started : Verify Created Channel,Workflow and Collection Settings Using Employee Support and Standalone helpdesk"}
{"level":"info","message":"Executing Step : Navigate to existing Slack workspace"}
{"level":"info","message":"Test Case Started : Verify Created Channel,Request,Workflow and Collection Settings Using Customer Support and Standalone helpdesk"}
{"level":"info","message":"Executing Step : Navigate to existing Slack workspace"}
{"level":"info","message":"Executing Step : Navigate to ClearFeed application Using Magic link"}
{"level":"info","message":"Test Case Completed : Verify Created Channel,Request,Workflow and Collection Settings Using Customer Support and Standalone helpdesk Status : failed"}
{"level":"info","message":"Test Case Started : Verify Created Channel,Workflow and Collection Settings Using Employee Support and Standalone helpdesk"}
{"level":"info","message":"Executing Step : Navigate to existing Slack workspace"}
{"level":"info","message":"Test Case Started : Verify Created Channel,Request,Workflow and Collection Settings Using Customer Support and Standalone helpdesk"}
{"level":"info","message":"Executing Step : Navigate to existing Slack workspace"}
{"level":"info","message":"Executing Step : Navigate to ClearFeed application Using Magic link"}
{"level":"info","message":"Test Case Completed : Verify Created Channel,Request,Workflow and Collection Settings Using Customer Support and Standalone helpdesk Status : interrupted"}
{"level":"info","message":"Test Case Started : Verify Created Channel,Request,Workflow and Collection Settings Using Customer Support and Standalone helpdesk"}
{"level":"info","message":"Executing Step : Navigate to existing Slack workspace"}
{"level":"info","message":"Executing Step : Navigate to ClearFeed application Using Magic link"}
{"level":"info","message":"Test Case Completed : Verify Created Channel,Request,Workflow and Collection Settings Using Customer Support and Standalone helpdesk Status : failed"}
{"level":"info","message":"Test Case Started : Verify Created Channel,Workflow and Collection Settings Using Employee Support and Standalone helpdesk"}
{"level":"info","message":"Executing Step : Navigate to existing Slack workspace"}
{"level":"info","message":"Executing Step : Navigate to ClearFeed application Using Magic link"}
{"level":"info","message":"Test Case Completed : Verify Created Channel,Workflow and Collection Settings Using Employee Support and Standalone helpdesk Status : failed"}
{"level":"info","message":"Test Case Started : Verify Created Channel,Request,Workflow and Collection Settings Using Customer Support and Standalone helpdesk"}
{"level":"info","message":"Executing Step : Navigate to existing Slack workspace"}
{"level":"info","message":"Test Case Completed : Verify Created Channel,Request,Workflow and Collection Settings Using Customer Support and Standalone helpdesk Status : failed"}
{"level":"info","message":"Test Case Started : Verify Created Channel,Workflow and Collection Settings Using Employee Support and Standalone helpdesk"}
{"level":"info","message":"Executing Step : Navigate to existing Slack workspace"}
{"level":"info","message":"Test Case Completed : Verify Created Channel,Workflow and Collection Settings Using Employee Support and Standalone helpdesk Status : failed"}
{"level":"info","message":"Test Case Started : Verify Created Channel,Request,Workflow and Collection Settings Using Customer Support and Standalone helpdesk"}
{"level":"info","message":"Executing Step : Navigate to existing Slack workspace"}
{"level":"info","message":"Test Case Completed : Verify Created Channel,Request,Workflow and Collection Settings Using Customer Support and Standalone helpdesk Status : failed"}
{"level":"info","message":"Test Case Started : Verify Created Channel,Workflow and Collection Settings Using Employee Support and Standalone helpdesk"}
{"level":"info","message":"Executing Step : Navigate to existing Slack workspace"}
{"level":"info","message":"Test Case Completed : Verify Created Channel,Workflow and Collection Settings Using Employee Support and Standalone helpdesk Status : failed"}
{"level":"info","message":"Test Case Started : Verify Created Channel,Request,Workflow and Collection Settings Using Customer Support and Standalone helpdesk"}
{"level":"info","message":"Executing Step : Navigate to existing Slack workspace"}
{"level":"info","message":"Executing Step : Navigate to ClearFeed application Using Magic link"}
{"level":"info","message":"Test Case Completed : Verify Created Channel,Request,Workflow and Collection Settings Using Customer Support and Standalone helpdesk Status : failed"}
{"level":"info","message":"Test Case Started : Verify Created Channel,Workflow and Collection Settings Using Employee Support and Standalone helpdesk"}
{"level":"info","message":"Executing Step : Navigate to existing Slack workspace"}
{"level":"info","message":"Test Case Completed : Verify Created Channel,Workflow and Collection Settings Using Employee Support and Standalone helpdesk Status : interrupted"}
{"level":"info","message":"Test Case Started : Verify Created Channel,Request,Workflow and Collection Settings Using Customer Support and Standalone helpdesk"}
{"level":"info","message":"Executing Step : Navigate to existing Slack workspace"}
{"level":"info","message":"Executing Step : Navigate to ClearFeed application Using Magic link"}
{"level":"info","message":"Test Case Completed : Verify Created Channel,Request,Workflow and Collection Settings Using Customer Support and Standalone helpdesk Status : failed"}
{"level":"info","message":"Test Case Started : Verify Created Channel,Workflow and Collection Settings Using Employee Support and Standalone helpdesk"}
{"level":"info","message":"Executing Step : Navigate to existing Slack workspace"}
{"level":"info","message":"Test Case Completed : Verify Created Channel,Workflow and Collection Settings Using Employee Support and Standalone helpdesk Status : interrupted"}
{"level":"info","message":"Test Case Started : Verify Created Channel,Request,Workflow and Collection Settings Using Customer Support and Standalone helpdesk"}
{"level":"info","message":"Executing Step : Navigate to existing Slack workspace"}
{"level":"info","message":"Test Case Completed : Verify Created Channel,Request,Workflow and Collection Settings Using Customer Support and Standalone helpdesk Status : interrupted"}
{"level":"info","message":"Test Case Started : Verify Created Channel,Request,Workflow and Collection Settings Using Customer Support and Standalone helpdesk"}
{"level":"info","message":"Executing Step : Navigate to existing Slack workspace"}
{"level":"info","message":"Executing Step : Navigate to ClearFeed application Using Magic link"}
{"level":"info","message":"Test Case Completed : Verify Created Channel,Request,Workflow and Collection Settings Using Customer Support and Standalone helpdesk Status : failed"}
{"level":"info","message":"Test Case Started : Verify Created Channel,Workflow and Collection Settings Using Employee Support and Standalone helpdesk"}
{"level":"info","message":"Executing Step : Navigate to existing Slack workspace"}
{"level":"info","message":"Test Case Started : Verify Created Channel,Request,Workflow and Collection Settings Using Customer Support and Standalone helpdesk"}
{"level":"info","message":"Executing Step : Navigate to existing Slack workspace"}
{"level":"info","message":"Executing Step : Navigate to ClearFeed application Using Magic link"}
{"level":"info","message":"Test Case Completed : Verify Created Channel,Request,Workflow and Collection Settings Using Customer Support and Standalone helpdesk Status : passed"}
{"level":"info","message":"Test Case Started : Verify Created Channel,Workflow and Collection Settings Using Employee Support and Standalone helpdesk"}
{"level":"info","message":"Executing Step : Navigate to existing Slack workspace"}
{"level":"info","message":"Executing Step : Navigate to ClearFeed application Using Magic link"}
{"level":"info","message":"Test Case Completed : Verify Created Channel,Workflow and Collection Settings Using Employee Support and Standalone helpdesk Status : passed"}
{"level":"info","message":"Test Case Started : Verify Created Channel,Request,Workflow and Collection Settings Using Customer Support and Standalone helpdesk"}
{"level":"info","message":"Executing Step : Navigate to existing Slack workspace"}
{"level":"info","message":"Executing Step : Navigate to ClearFeed application Using Magic link"}
{"level":"info","message":"Test Case Completed : Verify Created Channel,Request,Workflow and Collection Settings Using Customer Support and Standalone helpdesk Status : failed"}
{"level":"info","message":"Test Case Started : Verify Created Channel,Workflow and Collection Settings Using Employee Support and Standalone helpdesk"}
{"level":"info","message":"Executing Step : Navigate to existing Slack workspace"}
{"level":"info","message":"Test Case Completed : Verify Created Channel,Workflow and Collection Settings Using Employee Support and Standalone helpdesk Status : interrupted"}
{"level":"info","message":"Test Case Started : Verify Created Channel,Request,Workflow and Collection Settings Using Customer Support and Standalone helpdesk"}
{"level":"info","message":"Executing Step : Navigate to existing Slack workspace"}
{"level":"info","message":"Test Case Completed : Verify Created Channel,Request,Workflow and Collection Settings Using Customer Support and Standalone helpdesk Status : failed"}
{"level":"info","message":"Test Case Started : Verify Created Channel,Workflow and Collection Settings Using Employee Support and Standalone helpdesk"}
{"level":"info","message":"Executing Step : Navigate to existing Slack workspace"}
{"level":"info","message":"Test Case Completed : Verify Created Channel,Workflow and Collection Settings Using Employee Support and Standalone helpdesk Status : failed"}
{"level":"info","message":"Test Case Started : Verify Created Channel,Request,Workflow and Collection Settings Using Customer Support and Standalone helpdesk"}
{"level":"info","message":"Executing Step : Navigate to existing Slack workspace"}
{"level":"info","message":"Executing Step : Navigate to ClearFeed application Using Magic link"}
{"level":"info","message":"Test Case Completed : Verify Created Channel,Request,Workflow and Collection Settings Using Customer Support and Standalone helpdesk Status : failed"}
{"level":"info","message":"Test Case Started : Verify Created Channel,Request,Workflow and Collection Settings Using Customer Support and Standalone helpdesk"}
{"level":"info","message":"Executing Step : Navigate to existing Slack workspace"}
{"level":"info","message":"Executing Step : Navigate to ClearFeed application Using Magic link"}
{"level":"info","message":"Test Case Completed : Verify Created Channel,Request,Workflow and Collection Settings Using Customer Support and Standalone helpdesk Status : failed"}
{"level":"info","message":"Test Case Started : Verify Created Channel,Workflow and Collection Settings Using Employee Support and Standalone helpdesk"}
{"level":"info","message":"Executing Step : Navigate to existing Slack workspace"}
{"level":"info","message":"Test Case Completed : Verify Created Channel,Workflow and Collection Settings Using Employee Support and Standalone helpdesk Status : interrupted"}
{"level":"info","message":"Test Case Started : Verify Created Channel,Request,Workflow and Collection Settings Using Customer Support and Standalone helpdesk"}
{"level":"info","message":"Executing Step : Navigate to existing Slack workspace"}
{"level":"info","message":"Executing Step : Navigate to ClearFeed application Using Magic link"}
{"level":"info","message":"Test Case Completed : Verify Created Channel,Request,Workflow and Collection Settings Using Customer Support and Standalone helpdesk Status : failed"}
{"level":"info","message":"Test Case Started : Verify Created Channel,Request,Workflow and Collection Settings Using Customer Support and Standalone helpdesk"}
{"level":"info","message":"Executing Step : Navigate to existing Slack workspace"}
{"level":"info","message":"Executing Step : Navigate to ClearFeed application Using Magic link"}
{"level":"info","message":"Test Case Started : Verify Created Channel,Request,Workflow and Collection Settings Using Customer Support and Standalone helpdesk"}
{"level":"info","message":"Executing Step : Navigate to existing Slack workspace"}
{"level":"info","message":"Executing Step : Navigate to ClearFeed application Using Magic link"}
{"level":"info","message":"Test Case Completed : Verify Created Channel,Request,Workflow and Collection Settings Using Customer Support and Standalone helpdesk Status : failed"}
{"level":"info","message":"Test Case Started : Verify Created Channel,Request,Workflow and Collection Settings Using Customer Support and Standalone helpdesk"}
{"level":"info","message":"Executing Step : Navigate to existing Slack workspace"}
{"level":"info","message":"Executing Step : Navigate to ClearFeed application Using Magic link"}
{"level":"info","message":"Test Case Started : Verify Created Channel,Request,Workflow and Collection Settings Using Customer Support and Standalone helpdesk"}
{"level":"info","message":"Executing Step : Navigate to existing Slack workspace"}
{"level":"info","message":"Executing Step : Navigate to ClearFeed application Using Magic link"}
{"level":"info","message":"Test Case Completed : Verify Created Channel,Request,Workflow and Collection Settings Using Customer Support and Standalone helpdesk Status : failed"}
{"level":"info","message":"Test Case Started : Verify Created Channel,Workflow and Collection Settings Using Employee Support and Standalone helpdesk"}
{"level":"info","message":"Executing Step : Navigate to existing Slack workspace"}
{"level":"info","message":"Test Case Completed : Verify Created Channel,Workflow and Collection Settings Using Employee Support and Standalone helpdesk Status : interrupted"}
{"level":"info","message":"Test Case Started : Verify Created Channel,Request,Workflow and Collection Settings Using Customer Support and Standalone helpdesk"}
{"level":"info","message":"Executing Step : Navigate to existing Slack workspace"}
{"level":"info","message":"Executing Step : Navigate to ClearFeed application Using Magic link"}
{"level":"info","message":"Test Case Completed : Verify Created Channel,Request,Workflow and Collection Settings Using Customer Support and Standalone helpdesk Status : failed"}
{"level":"info","message":"Test Case Started : Verify Created Channel,Workflow and Collection Settings Using Employee Support and Standalone helpdesk"}
{"level":"info","message":"Executing Step : Navigate to existing Slack workspace"}
{"level":"info","message":"Test Case Started : Verify Created Channel,Request,Workflow and Collection Settings Using Customer Support and Standalone helpdesk"}
{"level":"info","message":"Executing Step : Navigate to existing Slack workspace"}
{"level":"info","message":"Executing Step : Navigate to ClearFeed application Using Magic link"}
{"level":"info","message":"Test Case Started : Verify Created Channel,Request,Workflow and Collection Settings Using Customer Support and Standalone helpdesk"}
{"level":"info","message":"Executing Step : Navigate to existing Slack workspace"}
{"level":"info","message":"Executing Step : Navigate to ClearFeed application Using Magic link"}
{"level":"info","message":"Test Case Completed : Verify Created Channel,Request,Workflow and Collection Settings Using Customer Support and Standalone helpdesk Status : failed"}
{"level":"info","message":"Test Case Started : Verify Created Channel,Workflow and Collection Settings Using Employee Support and Standalone helpdesk"}
{"level":"info","message":"Executing Step : Navigate to existing Slack workspace"}
{"level":"info","message":"Test Case Completed : Verify Created Channel,Workflow and Collection Settings Using Employee Support and Standalone helpdesk Status : interrupted"}
{"level":"info","message":"Test Case Started : Verify Created Channel,Request,Workflow and Collection Settings Using Customer Support and Standalone helpdesk"}
{"level":"info","message":"Executing Step : Navigate to existing Slack workspace"}
{"level":"info","message":"Executing Step : Navigate to ClearFeed application Using Magic link"}
{"level":"info","message":"Test Case Completed : Verify Created Channel,Request,Workflow and Collection Settings Using Customer Support and Standalone helpdesk Status : passed"}
{"level":"info","message":"Test Case Started : Verify Created Channel,Workflow and Collection Settings Using Employee Support and Standalone helpdesk"}
{"level":"info","message":"Executing Step : Navigate to existing Slack workspace"}
{"level":"info","message":"Executing Step : Navigate to ClearFeed application Using Magic link"}
{"level":"info","message":"Test Case Completed : Verify Created Channel,Workflow and Collection Settings Using Employee Support and Standalone helpdesk Status : passed"}
{"level":"info","message":"Test Case Started : Verify Created Channel,Request,Workflow and Collection Settings Using Customer Support and Standalone helpdesk"}
{"level":"info","message":"Executing Step : Navigate to existing Slack workspace"}
{"level":"info","message":"Executing Step : Navigate to ClearFeed application Using Magic link"}
{"level":"info","message":"Test Case Completed : Verify Created Channel,Request,Workflow and Collection Settings Using Customer Support and Standalone helpdesk Status : passed"}
{"level":"info","message":"Test Case Started : Verify Created Channel,Workflow and Collection Settings Using Employee Support and Standalone helpdesk"}
{"level":"info","message":"Executing Step : Navigate to existing Slack workspace"}
{"level":"info","message":"Executing Step : Navigate to ClearFeed application Using Magic link"}
{"level":"info","message":"Test Case Completed : Verify Created Channel,Workflow and Collection Settings Using Employee Support and Standalone helpdesk Status : passed"}
{"level":"info","message":"Test Case Started : Verify Created Channel,Request,Workflow and Collection Settings Using Customer Support and Standalone helpdesk"}
{"level":"info","message":"Executing Step : Navigate to existing Slack workspace"}
{"level":"info","message":"Executing Step : Navigate to ClearFeed application Using Magic link"}
{"level":"info","message":"Test Case Completed : Verify Created Channel,Request,Workflow and Collection Settings Using Customer Support and Standalone helpdesk Status : passed"}
{"level":"info","message":"Test Case Started : Verify Created Channel,Workflow and Collection Settings Using Employee Support and Standalone helpdesk"}
{"level":"info","message":"Executing Step : Navigate to existing Slack workspace"}
{"level":"info","message":"Executing Step : Navigate to ClearFeed application Using Magic link"}
{"level":"info","message":"Test Case Completed : Verify Created Channel,Workflow and Collection Settings Using Employee Support and Standalone helpdesk Status : passed"}
{"level":"info","message":"Test Case Started : Verify Onboarding Page with Magic Link  Using Customer Support and Standalone helpdesk"}
{"level":"info","message":"Test Case Completed : Verify Onboarding Page with Magic Link  Using Customer Support and Standalone helpdesk Status : skipped"}
{"level":"info","message":"Test Case Started : Verify Onboarding Page with Magic Link Using Employee Support and Standalone helpdesk"}
{"level":"info","message":"Test Case Completed : Verify Onboarding Page with Magic Link Using Employee Support and Standalone helpdesk Status : skipped"}
{"level":"info","message":"Test Case Started : Verify Onboarding Page with Magic Link Using Customer Support and Standalone helpdesk without selecting Glove support opt"}
{"level":"info","message":"Executing Step : Navigate to existing Slack workspace"}
{"level":"info","message":"Executing Step : Navigate to ClearFeed application Using Magic link"}
{"level":"info","message":"Test Case Completed : Verify Onboarding Page with Magic Link Using Customer Support and Standalone helpdesk without selecting Glove support opt Status : timedOut"}
{"level":"info","message":"Test Case Started : Verify Onboarding Page with Magic Link Using Employee Support and Standalone helpdesk without selecting Glove support opt"}
{"level":"info","message":"Executing Step : Navigate to existing Slack workspace"}
{"level":"info","message":"Test Case Started : Verify Onboarding Page with Magic Link  Using Customer Support and Standalone helpdesk"}
{"level":"info","message":"Test Case Completed : Verify Onboarding Page with Magic Link  Using Customer Support and Standalone helpdesk Status : skipped"}
{"level":"info","message":"Test Case Started : Verify Onboarding Page with Magic Link Using Employee Support and Standalone helpdesk"}
{"level":"info","message":"Test Case Completed : Verify Onboarding Page with Magic Link Using Employee Support and Standalone helpdesk Status : skipped"}
{"level":"info","message":"Test Case Started : Verify Onboarding Page with Magic Link Using Customer Support and Standalone helpdesk without selecting Glove support opt"}
{"level":"info","message":"Executing Step : Navigate to existing Slack workspace"}
{"level":"info","message":"Test Case Completed : Verify Onboarding Page with Magic Link Using Customer Support and Standalone helpdesk without selecting Glove support opt Status : failed"}
{"level":"info","message":"Test Case Started : Verify Onboarding Page with Magic Link Using Employee Support and Standalone helpdesk without selecting Glove support opt"}
{"level":"info","message":"Executing Step : Navigate to existing Slack workspace"}
{"level":"info","message":"Test Case Completed : Verify Onboarding Page with Magic Link Using Employee Support and Standalone helpdesk without selecting Glove support opt Status : failed"}
{"level":"info","message":"Test Case Started : Verify Onboarding Page with Magic Link  Using Customer Support and Standalone helpdesk"}
{"level":"info","message":"Test Case Completed : Verify Onboarding Page with Magic Link  Using Customer Support and Standalone helpdesk Status : skipped"}
{"level":"info","message":"Test Case Started : Verify Onboarding Page with Magic Link Using Employee Support and Standalone helpdesk"}
{"level":"info","message":"Test Case Completed : Verify Onboarding Page with Magic Link Using Employee Support and Standalone helpdesk Status : skipped"}
{"level":"info","message":"Test Case Started : Verify Onboarding Page with Magic Link Using Customer Support and Standalone helpdesk without selecting Glove support opt"}
{"level":"info","message":"Executing Step : Navigate to existing Slack workspace"}
{"level":"info","message":"Executing Step : Navigate to ClearFeed application Using Magic link"}
{"level":"info","message":"Test Case Completed : Verify Onboarding Page with Magic Link Using Customer Support and Standalone helpdesk without selecting Glove support opt Status : timedOut"}
{"level":"info","message":"Test Case Started : Verify Onboarding Page with Magic Link Using Employee Support and Standalone helpdesk without selecting Glove support opt"}
{"level":"info","message":"Executing Step : Navigate to existing Slack workspace"}
{"level":"info","message":"Executing Step : Navigate to ClearFeed application Using Magic link"}
{"level":"info","message":"Test Case Completed : Verify Onboarding Page with Magic Link Using Employee Support and Standalone helpdesk without selecting Glove support opt Status : passed"}
{"level":"info","message":"Test Case Started : Verify Onboarding Page with Magic Link  Using Customer Support and Standalone helpdesk"}
{"level":"info","message":"Test Case Completed : Verify Onboarding Page with Magic Link  Using Customer Support and Standalone helpdesk Status : skipped"}
{"level":"info","message":"Test Case Started : Verify Onboarding Page with Magic Link Using Employee Support and Standalone helpdesk"}
{"level":"info","message":"Test Case Completed : Verify Onboarding Page with Magic Link Using Employee Support and Standalone helpdesk Status : skipped"}
{"level":"info","message":"Test Case Started : Verify Onboarding Page with Magic Link Using Customer Support and Standalone helpdesk without selecting Glove support opt"}
{"level":"info","message":"Executing Step : Navigate to existing Slack workspace"}
{"level":"info","message":"Test Case Completed : Verify Onboarding Page with Magic Link Using Customer Support and Standalone helpdesk without selecting Glove support opt Status : interrupted"}
{"level":"info","message":"Test Case Started : Verify Onboarding Page with Magic Link  Using Customer Support and Standalone helpdesk"}
{"level":"info","message":"Test Case Completed : Verify Onboarding Page with Magic Link  Using Customer Support and Standalone helpdesk Status : skipped"}
{"level":"info","message":"Test Case Started : Verify Onboarding Page with Magic Link Using Employee Support and Standalone helpdesk"}
{"level":"info","message":"Test Case Completed : Verify Onboarding Page with Magic Link Using Employee Support and Standalone helpdesk Status : skipped"}
{"level":"info","message":"Test Case Started : Verify Onboarding Page with Magic Link Using Customer Support and Standalone helpdesk without selecting Glove support opt"}
{"level":"info","message":"Executing Step : Navigate to existing Slack workspace"}
{"level":"info","message":"Test Case Completed : Verify Onboarding Page with Magic Link Using Customer Support and Standalone helpdesk without selecting Glove support opt Status : interrupted"}
{"level":"info","message":"Test Case Started : Verify Created Channel,Request,Workflow and Collection Settings Using Customer Support and Standalone helpdesk"}
{"level":"info","message":"Executing Step : Navigate to existing Slack workspace"}
{"level":"info","message":"Executing Step : Navigate to ClearFeed application Using Magic link"}
{"level":"info","message":"Test Case Completed : Verify Created Channel,Request,Workflow and Collection Settings Using Customer Support and Standalone helpdesk Status : passed"}
{"level":"info","message":"Test Case Started : Verify Created Channel,Workflow and Collection Settings Using Employee Support and Standalone helpdesk"}
{"level":"info","message":"Executing Step : Navigate to existing Slack workspace"}
{"level":"info","message":"Executing Step : Navigate to ClearFeed application Using Magic link"}
{"level":"info","message":"Test Case Completed : Verify Created Channel,Workflow and Collection Settings Using Employee Support and Standalone helpdesk Status : passed"}
{"level":"info","message":"Test Case Started : Verify Login Page"}
{"level":"info","message":"Test Case Completed : Verify Login Page Status : skipped"}
{"level":"info","message":"Test Case Started : Verify Onboarding Page with Magic Link  Using Customer Support and Standalone helpdesk"}
{"level":"info","message":"Test Case Completed : Verify Onboarding Page with Magic Link  Using Customer Support and Standalone helpdesk Status : skipped"}
{"level":"info","message":"Test Case Started : Verify Onboarding Page with Magic Link Using Employee Support and Standalone helpdesk"}
{"level":"info","message":"Test Case Completed : Verify Onboarding Page with Magic Link Using Employee Support and Standalone helpdesk Status : skipped"}
{"level":"info","message":"Test Case Started : Verify Onboarding Page with Magic Link Using Customer Support and Standalone helpdesk without selecting Glove support opt"}
{"level":"info","message":"Executing Step : Navigate to existing Slack workspace"}
{"level":"info","message":"Executing Step : Navigate to ClearFeed application Using Magic link"}
{"level":"info","message":"Test Case Completed : Verify Onboarding Page with Magic Link Using Customer Support and Standalone helpdesk without selecting Glove support opt Status : passed"}
{"level":"info","message":"Test Case Started : Verify Onboarding Page with Magic Link Using Employee Support and Standalone helpdesk without selecting Glove support opt"}
{"level":"info","message":"Executing Step : Navigate to existing Slack workspace"}
{"level":"info","message":"Executing Step : Navigate to ClearFeed application Using Magic link"}
{"level":"info","message":"Test Case Completed : Verify Onboarding Page with Magic Link Using Employee Support and Standalone helpdesk without selecting Glove support opt Status : passed"}
{"level":"info","message":"Test Case Started : Verify Created Channel,Request,Workflow and Collection Settings Using Customer Support and Standalone helpdesk"}
{"level":"info","message":"Executing Step : Navigate to existing Slack workspace"}
{"level":"info","message":"Executing Step : Navigate to ClearFeed application Using Magic link"}
{"level":"info","message":"Test Case Started : Verify Created Channel,Request,Workflow and Collection Settings Using Customer Support and Standalone helpdesk"}
{"level":"info","message":"Executing Step : Navigate to existing Slack workspace"}
{"level":"info","message":"Executing Step : Navigate to ClearFeed application Using Magic link"}
{"level":"info","message":"Test Case Completed : Verify Created Channel,Request,Workflow and Collection Settings Using Customer Support and Standalone helpdesk Status : failed"}
{"level":"info","message":"Test Case Started : Verify Created Channel,Request,Workflow and Collection Settings Using Customer Support and Standalone helpdesk"}
{"level":"info","message":"Executing Step : Navigate to existing Slack workspace"}
{"level":"info","message":"Executing Step : Navigate to ClearFeed application Using Magic link"}
{"level":"info","message":"Test Case Completed : Verify Created Channel,Request,Workflow and Collection Settings Using Customer Support and Standalone helpdesk Status : timedOut"}
{"level":"info","message":"Test Case Started : Verify Created Channel,Workflow and Collection Settings Using Employee Support and Standalone helpdesk"}
{"level":"info","message":"Test Case Completed : Verify Created Channel,Workflow and Collection Settings Using Employee Support and Standalone helpdesk Status : interrupted"}
{"level":"info","message":"Test Case Started : Verify Created Channel,Request,Workflow and Collection Settings Using Customer Support and Standalone helpdesk"}
{"level":"info","message":"Executing Step : Navigate to existing Slack workspace"}
{"level":"info","message":"Executing Step : Navigate to ClearFeed application Using Magic link"}
{"level":"info","message":"Test Case Completed : Verify Created Channel,Request,Workflow and Collection Settings Using Customer Support and Standalone helpdesk Status : passed"}
{"level":"info","message":"Test Case Started : Verify Created Channel,Workflow and Collection Settings Using Employee Support and Standalone helpdesk"}
{"level":"info","message":"Executing Step : Navigate to existing Slack workspace"}
{"level":"info","message":"Test Case Completed : Verify Created Channel,Workflow and Collection Settings Using Employee Support and Standalone helpdesk Status : interrupted"}
{"level":"info","message":"Test Case Started : Verify Created Channel,Request,Workflow and Collection Settings Using Customer Support and Standalone helpdesk"}
{"level":"info","message":"Executing Step : Navigate to existing Slack workspace"}
{"level":"info","message":"Test Case Completed : Verify Created Channel,Request,Workflow and Collection Settings Using Customer Support and Standalone helpdesk Status : interrupted"}
{"level":"error","message":"Error: Package subpath './dist/commonjs/api/attributes' is not defined by \"exports\" in C:\\ClearFeed\\CF_Onboarding_E2E\\node_modules\\cheerio\\package.json"}
{"level":"error","message":"Error: No tests found.\nMake sure that arguments are regular expressions matching test files.\nYou may need to escape symbols like \"$\" or \"*\" and quote the arguments."}
{"level":"info","message":"Test Case Started : Verify Created Channel,Request,Workflow and Collection Settings Using Customer Support and Standalone helpdesk"}
{"level":"info","message":"Executing Step : Navigate to existing Slack workspace"}
{"level":"info","message":"Test Case Completed : Verify Created Channel,Request,Workflow and Collection Settings Using Customer Support and Standalone helpdesk Status : interrupted"}
{"level":"info","message":"Test Case Started : Verify Created Channel,Request,Workflow and Collection Settings Using Customer Support and Standalone helpdesk"}
{"level":"info","message":"Executing Step : Navigate to existing Slack workspace"}
{"level":"info","message":"Executing Step : Navigate to ClearFeed application Using Magic link"}
{"level":"info","message":"Test Case Completed : Verify Created Channel,Request,Workflow and Collection Settings Using Customer Support and Standalone helpdesk Status : failed"}
{"level":"info","message":"Test Case Started : Verify Created Channel,Workflow and Collection Settings Using Employee Support and Standalone helpdesk"}
{"level":"info","message":"Executing Step : Navigate to existing Slack workspace"}
{"level":"info","message":"Test Case Started : Verify Created Channel,Request,Workflow and Collection Settings Using Customer Support and Standalone helpdesk"}
{"level":"info","message":"Executing Step : Navigate to existing Slack workspace"}
{"level":"info","message":"Executing Step : Navigate to ClearFeed application Using Magic link"}
{"level":"info","message":"Test Case Completed : Verify Created Channel,Request,Workflow and Collection Settings Using Customer Support and Standalone helpdesk Status : failed"}
{"level":"info","message":"Test Case Started : Verify Created Channel,Request,Workflow and Collection Settings Using Customer Support and Standalone helpdesk"}
{"level":"info","message":"Executing Step : Navigate to existing Slack workspace"}
{"level":"info","message":"Executing Step : Navigate to ClearFeed application Using Magic link"}
{"level":"info","message":"Test Case Completed : Verify Created Channel,Request,Workflow and Collection Settings Using Customer Support and Standalone helpdesk Status : passed"}
{"level":"info","message":"Test Case Started : Verify Created Channel,Workflow and Collection Settings Using Employee Support and Standalone helpdesk"}
{"level":"info","message":"Executing Step : Navigate to existing Slack workspace"}
{"level":"info","message":"Test Case Completed : Verify Created Channel,Workflow and Collection Settings Using Employee Support and Standalone helpdesk Status : interrupted"}
{"level":"info","message":"Test Case Started : Verify Created Channel,Request,Workflow and Collection Settings Using Customer Support and Standalone helpdesk"}
{"level":"info","message":"Executing Step : Navigate to existing Slack workspace"}
{"level":"info","message":"Executing Step : Navigate to ClearFeed application Using Magic link"}
{"level":"info","message":"Test Case Completed : Verify Created Channel,Request,Workflow and Collection Settings Using Customer Support and Standalone helpdesk Status : interrupted"}
{"level":"info","message":"Test Case Started : Verify Created Channel,Request,Workflow and Collection Settings Using Customer Support and Standalone helpdesk"}
{"level":"info","message":"Executing Step : Navigate to existing Slack workspace"}
{"level":"info","message":"Executing Step : Navigate to ClearFeed application Using Magic link"}
{"level":"info","message":"Test Case Completed : Verify Created Channel,Request,Workflow and Collection Settings Using Customer Support and Standalone helpdesk Status : passed"}
{"level":"info","message":"Test Case Started : Verify Created Channel,Workflow and Collection Settings Using Employee Support and Standalone helpdesk"}
{"level":"info","message":"Executing Step : Navigate to existing Slack workspace"}
{"level":"info","message":"Executing Step : Navigate to ClearFeed application Using Magic link"}
{"level":"info","message":"Test Case Completed : Verify Created Channel,Workflow and Collection Settings Using Employee Support and Standalone helpdesk Status : passed"}
{"level":"info","message":"Test Case Started : Verify Login Page"}
{"level":"info","message":"Test Case Completed : Verify Login Page Status : skipped"}
{"level":"info","message":"Test Case Started : Verify Onboarding Page with Magic Link  Using Customer Support and Standalone helpdesk"}
{"level":"info","message":"Test Case Completed : Verify Onboarding Page with Magic Link  Using Customer Support and Standalone helpdesk Status : skipped"}
{"level":"info","message":"Test Case Started : Verify Onboarding Page with Magic Link Using Employee Support and Standalone helpdesk"}
{"level":"info","message":"Test Case Completed : Verify Onboarding Page with Magic Link Using Employee Support and Standalone helpdesk Status : skipped"}
{"level":"info","message":"Test Case Started : Verify Onboarding Page with Magic Link Using Customer Support and Standalone helpdesk without selecting Glove support opt"}
{"level":"info","message":"Executing Step : Navigate to existing Slack workspace"}
{"level":"info","message":"Executing Step : Navigate to ClearFeed application Using Magic link"}
{"level":"info","message":"Test Case Completed : Verify Onboarding Page with Magic Link Using Customer Support and Standalone helpdesk without selecting Glove support opt Status : passed"}
{"level":"info","message":"Test Case Started : Verify Onboarding Page with Magic Link Using Employee Support and Standalone helpdesk without selecting Glove support opt"}
{"level":"info","message":"Executing Step : Navigate to existing Slack workspace"}
{"level":"info","message":"Executing Step : Navigate to ClearFeed application Using Magic link"}
{"level":"info","message":"Test Case Completed : Verify Onboarding Page with Magic Link Using Employee Support and Standalone helpdesk without selecting Glove support opt Status : passed"}
{"level":"info","message":"Test Case Started : Verify Onboarding Page with Magic Link  Using Customer Support and Standalone helpdesk"}
{"level":"info","message":"Test Case Completed : Verify Onboarding Page with Magic Link  Using Customer Support and Standalone helpdesk Status : skipped"}
{"level":"info","message":"Test Case Started : Verify Onboarding Page with Magic Link Using Employee Support and Standalone helpdesk"}
{"level":"info","message":"Test Case Completed : Verify Onboarding Page with Magic Link Using Employee Support and Standalone helpdesk Status : skipped"}
{"level":"info","message":"Test Case Started : Verify Onboarding Page with Magic Link Using Customer Support and Standalone helpdesk without selecting Glove support opt"}
{"level":"info","message":"Executing Step : Navigate to existing Slack workspace"}
{"level":"info","message":"Executing Step : Navigate to ClearFeed application Using Magic link"}
{"level":"info","message":"Test Case Completed : Verify Onboarding Page with Magic Link Using Customer Support and Standalone helpdesk without selecting Glove support opt Status : passed"}
{"level":"info","message":"Test Case Started : Verify Onboarding Page with Magic Link Using Employee Support and Standalone helpdesk without selecting Glove support opt"}
{"level":"info","message":"Executing Step : Navigate to existing Slack workspace"}
{"level":"info","message":"Executing Step : Navigate to ClearFeed application Using Magic link"}
{"level":"info","message":"Test Case Completed : Verify Onboarding Page with Magic Link Using Employee Support and Standalone helpdesk without selecting Glove support opt Status : passed"}
{"level":"info","message":"Test Case Started : Verify Onboarding Page with Magic Link  Using Customer Support and Standalone helpdesk"}
{"level":"info","message":"Test Case Completed : Verify Onboarding Page with Magic Link  Using Customer Support and Standalone helpdesk Status : skipped"}
{"level":"info","message":"Test Case Started : Verify Onboarding Page with Magic Link Using Employee Support and Standalone helpdesk"}
{"level":"info","message":"Test Case Completed : Verify Onboarding Page with Magic Link Using Employee Support and Standalone helpdesk Status : skipped"}
{"level":"info","message":"Test Case Started : Verify Onboarding Page with Magic Link Using Customer Support and Standalone helpdesk without selecting Glove support opt"}
{"level":"info","message":"Executing Step : Navigate to existing Slack workspace"}
{"level":"info","message":"Executing Step : Navigate to ClearFeed application Using Magic link"}
{"level":"info","message":"Test Case Completed : Verify Onboarding Page with Magic Link Using Customer Support and Standalone helpdesk without selecting Glove support opt Status : interrupted"}
{"level":"info","message":"Test Case Started : Verify Onboarding Page with Magic Link Using Customer Support and Standalone helpdesk without selecting Glove support opt"}
{"level":"info","message":"Executing Step : Navigate to existing Slack workspace"}
{"level":"info","message":"Test Case Completed : Verify Onboarding Page with Magic Link Using Customer Support and Standalone helpdesk without selecting Glove support opt Status : passed"}
{"level":"info","message":"Test Case Started : Verify Onboarding Page with Magic Link Using Customer Support and Standalone helpdesk without selecting Glove support opt"}
{"level":"info","message":"Executing Step : Navigate to existing Slack workspace"}
{"level":"info","message":"Test Case Completed : Verify Onboarding Page with Magic Link Using Customer Support and Standalone helpdesk without selecting Glove support opt Status : passed"}
{"level":"info","message":"Test Case Started : Verify Onboarding Page with Magic Link Using Customer Support and Standalone helpdesk without selecting Glove support opt"}
{"level":"info","message":"Executing Step : Navigate to existing Slack workspace"}
{"level":"info","message":"Test Case Completed : Verify Onboarding Page with Magic Link Using Customer Support and Standalone helpdesk without selecting Glove support opt Status : passed"}
{"level":"info","message":"Test Case Started : Verify Onboarding Page with Magic Link Using Customer Support and Standalone helpdesk without selecting Glove support opt"}
{"level":"info","message":"Executing Step : Navigate to existing Slack workspace"}
{"level":"info","message":"Executing Step : Navigate to ClearFeed application Using Magic link"}
{"level":"info","message":"Test Case Completed : Verify Onboarding Page with Magic Link Using Customer Support and Standalone helpdesk without selecting Glove support opt Status : failed"}
{"level":"info","message":"Test Case Started : Verify Onboarding Page with Magic Link Using Customer Support and Standalone helpdesk without selecting Glove support opt"}
{"level":"info","message":"Executing Step : Navigate to existing Slack workspace"}
{"level":"info","message":"Executing Step : Navigate to ClearFeed application Using Magic link"}
{"level":"info","message":"Test Case Completed : Verify Onboarding Page with Magic Link Using Customer Support and Standalone helpdesk without selecting Glove support opt Status : failed"}
{"level":"info","message":"Test Case Started : Verify Onboarding Page with Magic Link Using Customer Support and Standalone helpdesk without selecting Glove support opt"}
{"level":"info","message":"Executing Step : Navigate to existing Slack workspace"}
{"level":"info","message":"Executing Step : Navigate to ClearFeed application Using Magic link"}
{"level":"info","message":"Test Case Completed : Verify Onboarding Page with Magic Link Using Customer Support and Standalone helpdesk without selecting Glove support opt Status : failed"}
{"level":"info","message":"Test Case Started : Verify Onboarding Page with Magic Link Using Customer Support and Standalone helpdesk without selecting Glove support opt"}
{"level":"info","message":"Executing Step : Navigate to existing Slack workspace"}
{"level":"info","message":"Executing Step : Navigate to ClearFeed application Using Magic link"}
{"level":"info","message":"Test Case Completed : Verify Onboarding Page with Magic Link Using Customer Support and Standalone helpdesk without selecting Glove support opt Status : passed"}
{"level":"info","message":"Test Case Started : Verify Onboarding Page with Magic Link Using Customer Support and Standalone helpdesk without selecting Glove support opt"}
{"level":"info","message":"Executing Step : Navigate to existing Slack workspace"}
{"level":"info","message":"Test Case Completed : Verify Onboarding Page with Magic Link Using Customer Support and Standalone helpdesk without selecting Glove support opt Status : failed"}
{"level":"info","message":"Test Case Started : Verify Onboarding Page with Magic Link Using Customer Support and Standalone helpdesk without selecting Glove support opt"}
{"level":"info","message":"Executing Step : Navigate to existing Slack workspace"}
{"level":"info","message":"Executing Step : Navigate to ClearFeed application Using Magic link"}
{"level":"info","message":"Test Case Completed : Verify Onboarding Page with Magic Link Using Customer Support and Standalone helpdesk without selecting Glove support opt Status : failed"}
{"level":"info","message":"Test Case Started : Verify Onboarding Page with Magic Link Using Customer Support and Standalone helpdesk without selecting Glove support opt"}
{"level":"info","message":"Executing Step : Navigate to existing Slack workspace"}
{"level":"info","message":"Executing Step : Navigate to ClearFeed application Using Magic link"}
{"level":"info","message":"Test Case Completed : Verify Onboarding Page with Magic Link Using Customer Support and Standalone helpdesk without selecting Glove support opt Status : passed"}
{"level":"info","message":"Test Case Started : Verify Onboarding Page with Magic Link Using Customer Support and Standalone helpdesk without selecting Glove support opt"}
{"level":"info","message":"Executing Step : Navigate to existing Slack workspace"}
{"level":"info","message":"Executing Step : Navigate to ClearFeed application Using Magic link"}
{"level":"info","message":"Test Case Completed : Verify Onboarding Page with Magic Link Using Customer Support and Standalone helpdesk without selecting Glove support opt Status : passed"}
{"level":"info","message":"Test Case Started : Verify Onboarding Page with Magic Link Using Customer Support and Standalone helpdesk without selecting Glove support opt"}
{"level":"info","message":"Executing Step : Navigate to existing Slack workspace"}
{"level":"info","message":"Executing Step : Navigate to ClearFeed application Using Magic link"}
{"level":"info","message":"Test Case Completed : Verify Onboarding Page with Magic Link Using Customer Support and Standalone helpdesk without selecting Glove support opt Status : passed"}
{"level":"info","message":"Test Case Started : Verify Onboarding Page with Magic Link Using Customer Support and Standalone helpdesk without selecting Glove support opt"}
{"level":"info","message":"Executing Step : Navigate to existing Slack workspace"}
{"level":"info","message":"Test Case Completed : Verify Onboarding Page with Magic Link Using Customer Support and Standalone helpdesk without selecting Glove support opt Status : failed"}
{"level":"info","message":"Test Case Started : Verify Onboarding Page with Magic Link Using Customer Support and Standalone helpdesk without selecting Glove support opt"}
{"level":"info","message":"Executing Step : Navigate to existing Slack workspace"}
{"level":"info","message":"Test Case Completed : Verify Onboarding Page with Magic Link Using Customer Support and Standalone helpdesk without selecting Glove support opt Status : failed"}
{"level":"info","message":"Test Case Started : Verify Onboarding Page with Magic Link Using Customer Support and Standalone helpdesk without selecting Glove support opt"}
{"level":"info","message":"Executing Step : Navigate to existing Slack workspace"}
{"level":"info","message":"Executing Step : Navigate to ClearFeed application Using Magic link"}
{"level":"info","message":"Test Case Completed : Verify Onboarding Page with Magic Link Using Customer Support and Standalone helpdesk without selecting Glove support opt Status : passed"}
{"level":"info","message":"Test Case Started : Verify Onboarding Page with Magic Link Using Customer Support and Standalone helpdesk without selecting Glove support opt"}
{"level":"info","message":"Executing Step : Navigate to existing Slack workspace"}
{"level":"info","message":"Executing Step : Navigate to ClearFeed application Using Magic link"}
{"level":"info","message":"Test Case Completed : Verify Onboarding Page with Magic Link Using Customer Support and Standalone helpdesk without selecting Glove support opt Status : passed"}
{"level":"info","message":"Test Case Started : Verify Onboarding Page with Magic Link Using Customer Support and Standalone helpdesk without selecting Glove support opt"}
{"level":"info","message":"Executing Step : Navigate to existing Slack workspace"}
{"level":"info","message":"Executing Step : Navigate to ClearFeed application Using Magic link"}
{"level":"info","message":"Test Case Completed : Verify Onboarding Page with Magic Link Using Customer Support and Standalone helpdesk without selecting Glove support opt Status : failed"}
{"level":"info","message":"Test Case Started : Verify Created Channel,Request,Workflow and Collection Settings Using Customer Support and Standalone helpdesk"}
{"level":"info","message":"Executing Step : Navigate to existing Slack workspace"}
{"level":"info","message":"Executing Step : Navigate to ClearFeed application Using Magic link"}
{"level":"info","message":"Test Case Completed : Verify Created Channel,Request,Workflow and Collection Settings Using Customer Support and Standalone helpdesk Status : failed"}
{"level":"info","message":"Test Case Started : Verify Created Channel,Request,Workflow and Collection Settings Using Customer Support and Standalone helpdesk"}
{"level":"info","message":"Executing Step : Navigate to existing Slack workspace"}
{"level":"info","message":"Executing Step : Navigate to ClearFeed application Using Magic link"}
{"level":"info","message":"Test Case Completed : Verify Created Channel,Request,Workflow and Collection Settings Using Customer Support and Standalone helpdesk Status : failed"}
{"level":"info","message":"Test Case Started : Verify Created Channel,Workflow and Collection Settings Using Employee Support and Standalone helpdesk"}
{"level":"info","message":"Executing Step : Navigate to existing Slack workspace"}
{"level":"info","message":"Executing Step : Navigate to ClearFeed application Using Magic link"}
{"level":"info","message":"Test Case Completed : Verify Created Channel,Workflow and Collection Settings Using Employee Support and Standalone helpdesk Status : interrupted"}
{"level":"info","message":"Test Case Started : Verify Created Channel,Request,Workflow and Collection Settings Using Customer Support and Standalone helpdesk"}
{"level":"info","message":"Executing Step : Navigate to existing Slack workspace"}
{"level":"info","message":"Executing Step : Navigate to ClearFeed application Using Magic link"}
{"level":"info","message":"Test Case Completed : Verify Created Channel,Request,Workflow and Collection Settings Using Customer Support and Standalone helpdesk Status : failed"}
{"level":"info","message":"Test Case Started : Verify Created Channel,Request,Workflow and Collection Settings Using Customer Support and Standalone helpdesk"}
{"level":"info","message":"Executing Step : Navigate to existing Slack workspace"}
{"level":"info","message":"Test Case Completed : Verify Created Channel,Request,Workflow and Collection Settings Using Customer Support and Standalone helpdesk Status : failed"}
{"level":"info","message":"Test Case Started : Verify Created Channel,Workflow and Collection Settings Using Employee Support and Standalone helpdesk"}
{"level":"info","message":"Executing Step : Navigate to existing Slack workspace"}
{"level":"info","message":"Test Case Completed : Verify Created Channel,Workflow and Collection Settings Using Employee Support and Standalone helpdesk Status : interrupted"}
{"level":"info","message":"Test Case Started : Verify Created Channel,Request,Workflow and Collection Settings Using Customer Support and Standalone helpdesk"}
{"level":"info","message":"Executing Step : Navigate to existing Slack workspace"}
{"level":"info","message":"Executing Step : Navigate to ClearFeed application Using Magic link"}
{"level":"info","message":"Test Case Completed : Verify Created Channel,Request,Workflow and Collection Settings Using Customer Support and Standalone helpdesk Status : failed"}
{"level":"info","message":"Test Case Started : Verify Created Channel,Request,Workflow and Collection Settings Using Customer Support and Standalone helpdesk"}
{"level":"info","message":"Executing Step : Navigate to existing Slack workspace"}
{"level":"info","message":"Executing Step : Navigate to ClearFeed application Using Magic link"}
{"level":"info","message":"Test Case Completed : Verify Created Channel,Request,Workflow and Collection Settings Using Customer Support and Standalone helpdesk Status : passed"}
{"level":"info","message":"Test Case Started : Verify Created Channel,Workflow and Collection Settings Using Employee Support and Standalone helpdesk"}
{"level":"info","message":"Executing Step : Navigate to existing Slack workspace"}
{"level":"info","message":"Executing Step : Navigate to ClearFeed application Using Magic link"}
{"level":"info","message":"Test Case Completed : Verify Created Channel,Workflow and Collection Settings Using Employee Support and Standalone helpdesk Status : passed"}
{"level":"info","message":"Test Case Started : Verify Created Channel,Request,Workflow and Collection Settings Using Customer Support and Standalone helpdesk"}
{"level":"info","message":"Executing Step : Navigate to existing Slack workspace"}
{"level":"info","message":"Executing Step : Navigate to ClearFeed application Using Magic link"}
{"level":"info","message":"Test Case Completed : Verify Created Channel,Request,Workflow and Collection Settings Using Customer Support and Standalone helpdesk Status : passed"}
{"level":"info","message":"Test Case Started : Verify Created Channel,Workflow and Collection Settings Using Employee Support and Standalone helpdesk"}
{"level":"info","message":"Executing Step : Navigate to existing Slack workspace"}
{"level":"info","message":"Test Case Completed : Verify Created Channel,Workflow and Collection Settings Using Employee Support and Standalone helpdesk Status : interrupted"}
{"level":"info","message":"Test Case Started : Verify Created Channel,Request,Workflow and Collection Settings Using Customer Support and Standalone helpdesk"}
{"level":"info","message":"Executing Step : Navigate to existing Slack workspace"}
{"level":"info","message":"Executing Step : Navigate to ClearFeed application Using Magic link"}
{"level":"info","message":"Test Case Completed : Verify Created Channel,Request,Workflow and Collection Settings Using Customer Support and Standalone helpdesk Status : passed"}
{"level":"info","message":"Test Case Started : Verify Created Channel,Workflow and Collection Settings Using Employee Support and Standalone helpdesk"}
{"level":"info","message":"Executing Step : Navigate to existing Slack workspace"}
{"level":"info","message":"Executing Step : Navigate to ClearFeed application Using Magic link"}
{"level":"info","message":"Test Case Completed : Verify Created Channel,Workflow and Collection Settings Using Employee Support and Standalone helpdesk Status : passed"}
{"level":"info","message":"Test Case Started : Verify Login Page"}
{"level":"info","message":"Test Case Completed : Verify Login Page Status : skipped"}
{"level":"info","message":"Test Case Started : Verify Onboarding Page with Magic Link  Using Customer Support and Standalone helpdesk"}
{"level":"info","message":"Test Case Completed : Verify Onboarding Page with Magic Link  Using Customer Support and Standalone helpdesk Status : skipped"}
{"level":"info","message":"Test Case Started : Verify Onboarding Page with Magic Link Using Employee Support and Standalone helpdesk"}
{"level":"info","message":"Test Case Completed : Verify Onboarding Page with Magic Link Using Employee Support and Standalone helpdesk Status : skipped"}
{"level":"info","message":"Test Case Started : Verify Onboarding Page with Magic Link Using Customer Support and Standalone helpdesk without selecting Glove support opt"}
{"level":"info","message":"Executing Step : Navigate to existing Slack workspace"}
{"level":"info","message":"Executing Step : Navigate to ClearFeed application Using Magic link"}
{"level":"info","message":"Test Case Completed : Verify Onboarding Page with Magic Link Using Customer Support and Standalone helpdesk without selecting Glove support opt Status : passed"}
{"level":"info","message":"Test Case Started : Verify Onboarding Page with Magic Link Using Employee Support and Standalone helpdesk without selecting Glove support opt"}
{"level":"info","message":"Executing Step : Navigate to existing Slack workspace"}
{"level":"info","message":"Executing Step : Navigate to ClearFeed application Using Magic link"}
{"level":"info","message":"Test Case Completed : Verify Onboarding Page with Magic Link Using Employee Support and Standalone helpdesk without selecting Glove support opt Status : passed"}
